\BOOKMARK [0][-]{chapter*.1}{\376\377\000A\000b\000s\000t\000r\000a\000c\000t}{}% 1
\BOOKMARK [0][-]{chapter*.1}{\376\377\000C\000o\000n\000t\000e\000n\000t\000s}{}% 2
\BOOKMARK [0][-]{chapter.1}{\376\377\000M\000o\000t\000i\000v\000a\000t\000i\000o\000n}{}% 3
\BOOKMARK [1][-]{section.1.1}{\376\377\000R\000e\000s\000e\000a\000r\000c\000h\000\040\000Q\000u\000e\000s\000t\000i\000o\000n\000s}{chapter.1}% 4
\BOOKMARK [2][-]{subsection.1.1.1}{\376\377\000P\000r\000i\000m\000a\000r\000y\000\040\000H\000y\000p\000o\000t\000h\000e\000s\000i\000s}{section.1.1}% 5
\BOOKMARK [2][-]{subsection.1.1.2}{\376\377\000E\000x\000t\000e\000n\000d\000e\000d\000\040\000H\000y\000p\000o\000t\000h\000e\000s\000i\000s}{section.1.1}% 6
\BOOKMARK [1][-]{section.1.2}{\376\377\000M\000e\000t\000h\000o\000d}{chapter.1}% 7
\BOOKMARK [0][-]{chapter.2}{\376\377\000B\000a\000c\000k\000g\000r\000o\000u\000n\000d}{}% 8
\BOOKMARK [1][-]{section.2.1}{\376\377\000S\000y\000s\000t\000e\000m\000\040\000E\000m\000u\000l\000a\000t\000i\000o\000n\000\040\000a\000n\000d\000\040\000V\000i\000r\000t\000u\000a\000l\000i\000z\000a\000t\000i\000o\000n}{chapter.2}% 9
\BOOKMARK [2][-]{subsection.2.1.1}{\376\377\000O\000v\000e\000r\000v\000i\000e\000w}{section.2.1}% 10
\BOOKMARK [2][-]{subsection.2.1.2}{\376\377\000Q\000E\000M\000U\000\040\000a\000n\000d\000\040\000K\000V\000M}{section.2.1}% 11
\BOOKMARK [2][-]{subsection.2.1.3}{\376\377\000V\000h\000o\000s\000t\000-\000U\000s\000e\000r\000\040\000A\000r\000c\000h\000i\000t\000e\000c\000t\000u\000r\000e}{section.2.1}% 12
\BOOKMARK [1][-]{section.2.2}{\376\377\000D\000u\000a\000l\000\040\000R\000i\000n\000g\000\040\000B\000u\000f\000f\000e\000r}{chapter.2}% 13
\BOOKMARK [1][-]{section.2.3}{\376\377\000M\000e\000m\000o\000r\000y\000\040\000O\000r\000d\000e\000r\000i\000n\000g}{chapter.2}% 14
\BOOKMARK [2][-]{subsection.2.3.1}{\376\377\000T\000h\000e\000\040\000x\0008\0006\000\040\000M\000e\000m\000o\000r\000y\000\040\000M\000o\000d\000e\000l}{section.2.3}% 15
\BOOKMARK [2][-]{subsection.2.3.2}{\376\377\000T\000h\000e\000\040\000C\000+\000+\000\040\000M\000e\000m\000o\000r\000y\000\040\000M\000o\000d\000e\000l}{section.2.3}% 16
\BOOKMARK [1][-]{section.2.4}{\376\377\000i\000o\000\137\000u\000r\000i\000n\000g}{chapter.2}% 17
\BOOKMARK [1][-]{section.2.5}{\376\377\000V\000i\000r\000t\000i\000o\000\040\000S\000t\000a\000n\000d\000a\000r\000d}{chapter.2}% 18
\BOOKMARK [2][-]{subsection.2.5.1}{\376\377\000I\000n\000t\000r\000o\000d\000u\000c\000t\000i\000o\000n}{section.2.5}% 19
\BOOKMARK [2][-]{subsection.2.5.2}{\376\377\000D\000e\000v\000i\000c\000e\000\040\000D\000i\000s\000c\000o\000v\000e\000r\000y\000\040\000v\000i\000a\000\040\000P\000C\000I}{section.2.5}% 20
\BOOKMARK [1][-]{section.2.6}{\376\377\000F\000U\000S\000E}{chapter.2}% 21
\BOOKMARK [2][-]{subsection.2.6.1}{\376\377\000P\000r\000o\000t\000o\000c\000o\000l}{section.2.6}% 22
\BOOKMARK [2][-]{subsection.2.6.2}{\376\377\000I\000n\000i\000t\000i\000a\000l\000i\000z\000a\000t\000i\000o\000n\000\040\000H\000a\000n\000d\000s\000h\000a\000k\000e}{section.2.6}% 23
\BOOKMARK [2][-]{subsection.2.6.3}{\376\377\000F\000i\000l\000e\000\040\000O\000p\000e\000r\000a\000t\000i\000o\000n\000s}{section.2.6}% 24
\BOOKMARK [1][-]{section.2.7}{\376\377\000V\000i\000r\000t\000i\000o\000F\000S}{chapter.2}% 25
\BOOKMARK [1][-]{section.2.8}{\376\377\000I\000n\000c\000l\000u\000d\000e\000O\000S}{chapter.2}% 26
\BOOKMARK [2][-]{subsection.2.8.1}{\376\377\000O\000v\000e\000r\000v\000i\000e\000w}{section.2.8}% 27
\BOOKMARK [2][-]{subsection.2.8.2}{\376\377\000P\000C\000I\000\040\000P\000M\000I\000O\000\040\000I\000n\000t\000e\000r\000f\000a\000c\000e}{section.2.8}% 28
\BOOKMARK [2][-]{subsection.2.8.3}{\376\377\000E\000v\000e\000n\000t\000-\000D\000r\000i\000v\000e\000n\000\040\000I\000n\000t\000e\000r\000r\000u\000p\000t\000\040\000H\000a\000n\000d\000l\000i\000n\000g}{section.2.8}% 29
\BOOKMARK [2][-]{subsection.2.8.4}{\376\377\000F\000i\000l\000e\000s\000y\000s\000t\000e\000m\000\040\000S\000u\000p\000p\000o\000r\000t\000\040\000a\000n\000d\000\040\000M\000U\000S\000L\000\040\000I\000n\000t\000e\000g\000r\000a\000t\000i\000o\000n}{section.2.8}% 30
\BOOKMARK [0][-]{chapter.3}{\376\377\000D\000e\000s\000i\000g\000n}{}% 31
\BOOKMARK [1][-]{section.3.1}{\376\377\000V\000i\000r\000t\000u\000a\000l\000\040\000F\000i\000l\000e\000s\000y\000s\000t\000e\000m\000\040\000L\000a\000y\000e\000r}{chapter.3}% 32
\BOOKMARK [1][-]{section.3.2}{\376\377\000V\000i\000r\000t\000i\000o\000\040\000P\000C\000I\000\040\000L\000a\000y\000e\000r}{chapter.3}% 33
\BOOKMARK [1][-]{section.3.3}{\376\377\000V\000i\000r\000t\000i\000o\000F\000S\000\040\000D\000e\000v\000i\000c\000e}{chapter.3}% 34
\BOOKMARK [2][-]{subsection.3.3.1}{\376\377\000I\000n\000i\000t\000i\000a\000l\000i\000z\000a\000t\000i\000o\000n\000\040\000S\000e\000q\000u\000e\000n\000c\000e}{section.3.3}% 35
\BOOKMARK [2][-]{subsection.3.3.2}{\376\377\000S\000y\000n\000c\000h\000r\000o\000n\000o\000u\000s\000\040\000P\000o\000l\000l\000i\000n\000g\000\040\000M\000o\000d\000e\000l}{section.3.3}% 36
\BOOKMARK [0][-]{chapter.4}{\376\377\000I\000m\000p\000l\000e\000m\000e\000n\000t\000a\000t\000i\000o\000n}{}% 37
\BOOKMARK [1][-]{section.4.1}{\376\377\000V\000i\000r\000t\000u\000a\000l\000\040\000F\000i\000l\000e\000s\000y\000s\000t\000e\000m\000\040\000L\000a\000y\000e\000r}{chapter.4}% 38
\BOOKMARK [2][-]{subsection.4.1.1}{\376\377\000s\000y\000s\000\137\000o\000p\000e\000n}{section.4.1}% 39
\BOOKMARK [2][-]{subsection.4.1.2}{\376\377\000s\000y\000s\000\137\000r\000e\000a\000d\000\040\000/\000\040\000s\000y\000s\000\137\000r\000e\000a\000d\000v\000\040\000/\000\040\000s\000y\000s\000\137\000w\000r\000i\000t\000e\000\040\000/\000\040\000s\000y\000s\000\137\000w\000r\000i\000t\000e\000v}{section.4.1}% 40
\BOOKMARK [2][-]{subsection.4.1.3}{\376\377\000s\000y\000s\000\137\000c\000l\000o\000s\000e}{section.4.1}% 41
\BOOKMARK [2][-]{subsection.4.1.4}{\376\377\000s\000y\000s\000\137\000u\000n\000l\000i\000n\000k}{section.4.1}% 42
\BOOKMARK [1][-]{section.4.2}{\376\377\000V\000i\000r\000t\000i\000o\000\040\000P\000C\000I\000\040\000L\000a\000y\000e\000r}{chapter.4}% 43
\BOOKMARK [1][-]{section.4.3}{\376\377\000V\000i\000r\000t\000i\000o\000F\000S\000\040\000D\000e\000v\000i\000c\000e\000\040\000D\000r\000i\000v\000e\000r}{chapter.4}% 44
\BOOKMARK [2][-]{subsection.4.3.1}{\376\377\000I\000n\000i\000t\000i\000a\000l\000i\000s\000a\000t\000i\000o\000n}{section.4.3}% 45
\BOOKMARK [2][-]{subsection.4.3.2}{\376\377\000I\000n\000o\000d\000e\000\040\000R\000e\000s\000o\000l\000u\000t\000i\000o\000n}{section.4.3}% 46
\BOOKMARK [2][-]{subsection.4.3.3}{\376\377\000O\000p\000e\000n\000,\000\040\000C\000r\000e\000a\000t\000e\000,\000\040\000a\000n\000d\000\040\000C\000l\000o\000s\000e}{section.4.3}% 47
\BOOKMARK [2][-]{subsection.4.3.4}{\376\377\000R\000e\000a\000d\000\040\000a\000n\000d\000\040\000W\000r\000i\000t\000e}{section.4.3}% 48
\BOOKMARK [2][-]{subsection.4.3.5}{\376\377\000S\000e\000e\000k\000,\000\040\000U\000n\000l\000i\000n\000k\000,\000\040\000a\000n\000d\000\040\000R\000e\000g\000i\000s\000t\000r\000a\000t\000i\000o\000n}{section.4.3}% 49
\BOOKMARK [0][-]{chapter.5}{\376\377\000E\000v\000a\000l\000u\000a\000t\000i\000o\000n}{}% 50
\BOOKMARK [1][-]{section.5.1}{\376\377\000E\000x\000p\000e\000r\000i\000m\000e\000n\000t\000a\000l\000\040\000S\000e\000t\000u\000p}{chapter.5}% 51
\BOOKMARK [2][-]{subsection.5.1.1}{\376\377\000V\000i\000r\000t\000u\000a\000l\000-\000M\000a\000c\000h\000i\000n\000e\000\040\000I\000n\000f\000r\000a\000s\000t\000r\000u\000c\000t\000u\000r\000e}{section.5.1}% 52
\BOOKMARK [2][-]{subsection.5.1.2}{\376\377\000R\000e\000p\000r\000o\000d\000u\000c\000i\000b\000l\000e\000\040\000B\000u\000i\000l\000d\000s\000\040\000w\000i\000t\000h\000\040\000N\000i\000x}{section.5.1}% 53
\BOOKMARK [2][-]{subsection.5.1.3}{\376\377\000P\000O\000S\000I\000X\000\040\000I\000/\000O\000\040\000B\000e\000n\000c\000h\000m\000a\000r\000k\000\040\000\050\000E\000x\000p\000e\000r\000i\000m\000e\000n\000t\000s\000\040\0001\000\040\000\046\000\040\0002\000\051}{section.5.1}% 54
\BOOKMARK [2][-]{subsection.5.1.4}{\376\377\000i\000o\000\137\000u\000r\000i\000n\000g\000\040\000B\000e\000n\000c\000h\000m\000a\000r\000k\000\040\000\050\000E\000x\000p\000e\000r\000i\000m\000e\000n\000t\000\040\0003\000\051}{section.5.1}% 55
\BOOKMARK [2][-]{subsection.5.1.5}{\376\377\000C\0006\0003\000\040\000V\000i\000d\000e\000o\000\040\000D\000e\000c\000o\000d\000e\000r\000\040\000B\000e\000n\000c\000h\000m\000a\000r\000k}{section.5.1}% 56
\BOOKMARK [1][-]{section.5.2}{\376\377\000R\000Q\0001\000\040\040\023\000\040\000V\000i\000r\000t\000i\000o\000F\000S\000\040\000T\000h\000r\000o\000u\000g\000h\000p\000u\000t\000:\000\040\000I\000n\000c\000l\000u\000d\000e\000O\000S\000\040\000v\000s\000.\000\040\000L\000i\000n\000u\000x}{chapter.5}% 57
\BOOKMARK [2][-]{subsection.5.2.1}{\376\377\000R\000e\000s\000u\000l\000t\000s}{section.5.2}% 58
\BOOKMARK [2][-]{subsection.5.2.2}{\376\377\000A\000n\000a\000l\000y\000s\000i\000s}{section.5.2}% 59
\BOOKMARK [1][-]{section.5.3}{\376\377\000R\000Q\0002\000\040\040\023\000\040\000T\000w\000e\000a\000k\000i\000n\000g\000\040\000L\000i\000n\000u\000x\000:\000\040\000i\000o\000\137\000u\000r\000i\000n\000g\000\040\000S\000Q\000P\000O\000L\000L}{chapter.5}% 60
\BOOKMARK [2][-]{subsection.5.3.1}{\376\377\000R\000e\000s\000u\000l\000t\000s}{section.5.3}% 61
\BOOKMARK [2][-]{subsection.5.3.2}{\376\377\000A\000n\000a\000l\000y\000s\000i\000s}{section.5.3}% 62
\BOOKMARK [1][-]{section.5.4}{\376\377\000R\000Q\0003\000\040\040\023\000\040\000I\000m\000p\000a\000c\000t\000\040\000o\000n\000\040\000V\000i\000d\000e\000o\000\040\000D\000e\000c\000o\000d\000i\000n\000g}{chapter.5}% 63
\BOOKMARK [2][-]{subsection.5.4.1}{\376\377\000R\000e\000s\000u\000l\000t\000s}{section.5.4}% 64
\BOOKMARK [2][-]{subsection.5.4.2}{\376\377\000A\000n\000a\000l\000y\000s\000i\000s}{section.5.4}% 65
\BOOKMARK [1][-]{section.5.5}{\376\377\000T\000h\000r\000e\000a\000t\000s\000\040\000t\000o\000\040\000V\000a\000l\000i\000d\000i\000t\000y}{chapter.5}% 66
\BOOKMARK [0][-]{chapter.6}{\376\377\000C\000o\000n\000c\000l\000u\000s\000i\000o\000n\000\040\000a\000n\000d\000\040\000F\000u\000t\000u\000r\000e\000\040\000W\000o\000r\000k}{}% 67
\BOOKMARK [1][-]{section.6.1}{\376\377\000F\000u\000t\000u\000r\000e\000\040\000W\000o\000r\000k}{chapter.6}% 68
